2023-Aug-23 09:38:31 Наличие необходимых модулей php (check_php_modules): Ok
Все необходимые модули установлены
2023-Aug-23 09:38:31 Обязательные параметры PHP (check_php_settings): Ok
Настройки правильные
2023-Aug-23 09:38:31 Модули веб-сервера (check_security): Ok
Конфликтов не выявлено
2023-Aug-23 09:38:32 Значения переменных сервера (check_server_vars): Ok
Корректные
2023-Aug-23 09:38:32 Сохранение сессии (check_session): Ok
50% done
2023-Aug-23 09:38:32 Сохранение сессии (check_session): Ok
Успешно
2023-Aug-23 09:38:32 Параметры настройки UTF (mbstring и константа BX_UTF) (check_mbstring): Ok
Правильные. Сайт работает в UTF кодировке
2023-Aug-23 09:38:32 Служебные скрипты в корне сайта (check_install_scripts): Ok
Отсутствуют
2023-Aug-23 09:38:32 Работа с сокетами (check_socket): Ok
Connection to ssl://dev2.medi-salon.ru:443	Success

Успешно
2023-Aug-23 09:38:32 Выполнение агентов на cron (check_bx_crontab): Ok
Успешно
2023-Aug-23 09:38:32 Параметры подключения к базе данных (check_dbconn_settings): Ok
Успешно
2023-Aug-23 09:38:32 Лишний вывод в файлах конфигурации (check_dbconn): Ok
Connection to ssl://dev2.medi-salon.ru:443	Success

Успешно
2023-Aug-23 09:38:32 Сохранение сессии без UserAgent (check_session_ua): Ok
50% done
Connection to ssl://dev2.medi-salon.ru:443	Success

2023-Aug-23 09:38:32 Сохранение сессии без UserAgent (check_session_ua): Ok
Connection to ssl://dev2.medi-salon.ru:443	Success

Успешно
2023-Aug-23 09:38:32 Настройки сайтов (check_sites): Ok
Правильные
2023-Aug-23 09:38:32 Передача объектов по ссылке (check_clone): Ok
Успешно
2023-Aug-23 09:38:32 Размер стека и pcre.recursion_limit (check_pcre_recursion): Ok
Connection to ssl://dev2.medi-salon.ru:443	Success

Успешно
2023-Aug-23 09:38:32 Загрузка файла (check_upload): Ok
Connection to ssl://dev2.medi-salon.ru:443	Success

Успешно
2023-Aug-23 09:38:33 Загрузка файла больше 4Мб (check_upload_big): Ok
Connection to ssl://dev2.medi-salon.ru:443	Success

Успешно
2023-Aug-23 09:38:33 Загрузка файла через php://input (check_upload_raw): Ok
Connection to ssl://dev2.medi-salon.ru:443	Success

Успешно
2023-Aug-23 09:38:33 Передача POST запроса с большим числом параметров (check_post): Ok
Connection to ssl://dev2.medi-salon.ru:443	Success

Успешно
2023-Aug-23 09:38:33 Отправка почты (check_mail): Ok
Успешно
2023-Aug-23 09:38:33 Отправка почтового сообщения больше 64Кб (check_mail_big): Ok
Успешно
2023-Aug-23 09:38:33 Проверка на наличие неотправленных сообщений (check_mail_b_event): Ok
Успешно
2023-Aug-23 09:38:33 Внутреннее перенаправление (функция LocalRedirect) (check_localredirect): Ok
50% done
Connection to ssl://dev2.medi-salon.ru:443	Success

2023-Aug-23 09:38:33 Внутреннее перенаправление (функция LocalRedirect) (check_localredirect): Ok
Connection to ssl://dev2.medi-salon.ru:443	Success

Успешно
2023-Aug-23 09:38:33 Фактическое ограничение памяти (check_memory_limit): Ok
20% done
Connection to ssl://dev2.medi-salon.ru:443	Success

2023-Aug-23 09:38:33 Фактическое ограничение памяти (check_memory_limit): Ok
40% done
Connection to ssl://dev2.medi-salon.ru:443	Success

2023-Aug-23 09:38:33 Фактическое ограничение памяти (check_memory_limit): Ok
60% done
Connection to ssl://dev2.medi-salon.ru:443	Success

2023-Aug-23 09:38:33 Фактическое ограничение памяти (check_memory_limit): Ok
80% done
Connection to ssl://dev2.medi-salon.ru:443	Success

2023-Aug-23 09:38:34 Фактическое ограничение памяти (check_memory_limit): Ok
Connection to ssl://dev2.medi-salon.ru:443	Success

Не менее 256 М
2023-Aug-23 09:38:34 Работа с файлами кеша (check_cache): Ok
Успешно
2023-Aug-23 09:38:34 Доступ к серверу обновлений (check_update): Ok
Успешно
2023-Aug-23 09:38:34 HTTP авторизация (check_http_auth): Ok
Connection to ssl://dev2.medi-salon.ru:443	Success

Успешно
2023-Aug-23 09:38:34 Создание и запуск файла (check_exec): Ok
Connection to ssl://dev2.medi-salon.ru:443	Success

Успешно
2023-Aug-23 09:38:34 Функция getimagesize для swf (check_getimagesize): Ok
Успешно
2023-Aug-23 09:38:34 Версия MySQL-сервера (check_mysql_bug_version): Ok
Успешно
2023-Aug-23 09:38:35 Время на БД и веб-сервере (check_mysql_time): Ok
Успешно
2023-Aug-23 09:38:35 Режим работы MySQL (check_mysql_mode): Ok
Успешно
2023-Aug-23 09:38:35 Кодировка соединения (check_mysql_connection_charset): Ok
character_set_connection=utf8, collation_connection=utf8_unicode_ci, character_set_results=utf8
Успешно
2023-Aug-23 09:38:35 Кодировка базы данных (check_mysql_db_charset): Ok
CHARSET=utf8, COLLATION=utf8_unicode_ci
Успешно
2023-Aug-23 09:38:35 Кодировки таблиц в БД (check_mysql_table_charset): Ok
Успешно
2023-Aug-23 09:38:35 Структура базы данных (check_mysql_table_structure): Ok
0% done
2023-Aug-23 09:38:35 Структура базы данных (check_mysql_table_structure): Ok
1% done
2023-Aug-23 09:38:35 Структура базы данных (check_mysql_table_structure): Ok
3% done
2023-Aug-23 09:38:35 Структура базы данных (check_mysql_table_structure): Ok
5% done
2023-Aug-23 09:38:35 Структура базы данных (check_mysql_table_structure): Ok
7% done
2023-Aug-23 09:38:36 Структура базы данных (check_mysql_table_structure): Ok
9% done
2023-Aug-23 09:38:36 Структура базы данных (check_mysql_table_structure): Ok
11% done
2023-Aug-23 09:38:36 Структура базы данных (check_mysql_table_structure): Ok
13% done
2023-Aug-23 09:38:37 Структура базы данных (check_mysql_table_structure): Ok
15% done
2023-Aug-23 09:38:37 Структура базы данных (check_mysql_table_structure): Ok
17% done
2023-Aug-23 09:38:37 Структура базы данных (check_mysql_table_structure): Ok
19% done
2023-Aug-23 09:38:37 Структура базы данных (check_mysql_table_structure): Ok
21% done
2023-Aug-23 09:38:37 Структура базы данных (check_mysql_table_structure): Ok
23% done
2023-Aug-23 09:38:37 Структура базы данных (check_mysql_table_structure): Ok
25% done
2023-Aug-23 09:38:38 Структура базы данных (check_mysql_table_structure): Ok
26% done
2023-Aug-23 09:38:38 Структура базы данных (check_mysql_table_structure): Ok
28% done
